#
# There is insufficient memory for the Java Runtime Environment to continue.
# Native memory allocation (malloc) failed to allocate 691056 bytes for Chunk::new
# Possible reasons:
#   The system is out of physical RAM or swap space
#   In 32 bit mode, the process size limit was hit
# Possible solutions:
#   Reduce memory load on the system
#   Increase physical memory or swap space
#   Check if swap backing store is full
#   Use 64 bit Java on a 64 bit OS
#   Decrease Java heap size (-Xmx/-Xms)
#   Decrease number of Java threads
#   Decrease Java thread stack sizes (-Xss)
#   Set larger code cache with -XX:ReservedCodeCacheSize=
# This output file may be truncated or incomplete.
#
#  Out of Memory Error (allocation.cpp:390), pid=15316, tid=0x0000000000002424
#
# JRE version: OpenJDK Runtime Environment (8.0_152-b01) (build 1.8.0_152-release-915-b01)
# Java VM: OpenJDK 64-Bit Server VM (25.152-b01 mixed mode windows-amd64 compressed oops)
# Failed to write core dump. Minidumps are not enabled by default on client versions of Windows
#

---------------  T H R E A D  ---------------

Current thread (0x00000000153f0000):  JavaThread "C2 CompilerThread1" daemon [_thread_in_native, id=9252, stack(0x0000000016b20000,0x0000000016c20000)]

Stack: [0x0000000016b20000,0x0000000016c20000]
[error occurred during error reporting (printing stack bounds), id 0xc0000005]

Native frames: (J=compiled Java code, j=interpreted, Vv=VM code, C=native code)


Current CompileTask:
C2:   2969  901 %     4       org.objectweb.asm.ClassReader::a @ 74 (3587 bytes)


---------------  P R O C E S S  ---------------

Java Threads: ( => current thread )
  0x0000000016d26800 JavaThread "Service Thread" daemon [_thread_blocked, id=17368, stack(0x0000000017120000,0x0000000017220000)]
  0x00000000153fb800 JavaThread "C1 CompilerThread2" daemon [_thread_blocked, id=14212, stack(0x0000000016c20000,0x0000000016d20000)]
=>0x00000000153f0000 JavaThread "C2 CompilerThread1" daemon [_thread_in_native, id=9252, stack(0x0000000016b20000,0x0000000016c20000)]
  0x000000001539e800 JavaThread "C2 CompilerThread0" daemon [_thread_blocked, id=3256, stack(0x0000000016a20000,0x0000000016b20000)]
  0x000000001539d800 JavaThread "Attach Listener" daemon [_thread_blocked, id=10320, stack(0x0000000016920000,0x0000000016a20000)]
  0x000000001539c000 JavaThread "Signal Dispatcher" daemon [_thread_blocked, id=2824, stack(0x0000000016820000,0x0000000016920000)]
  0x0000000005037000 JavaThread "Finalizer" daemon [_thread_blocked, id=8020, stack(0x0000000016600000,0x0000000016700000)]
  0x0000000005031800 JavaThread "Reference Handler" daemon [_thread_blocked, id=8348, stack(0x0000000016500000,0x0000000016600000)]
  0x0000000004f3e000 JavaThread "main" [_thread_in_native, id=15584, stack(0x0000000004d50000,0x0000000004e50000)]

Other Threads:
  0x0000000015366000 VMThread [stack: 0x0000000016400000,0x0000000016500000] [id=3232]
  0x0000000016d28800 WatcherThread [stack: 0x0000000017220000,0x0000000017320000] [id=4540]

VM state:not at safepoint (normal execution)

VM Mutex/Monitor currently owned by a thread: None

Heap:
 PSYoungGen      total 18944K, used 3606K [0x00000000feb00000, 0x0000000100000000, 0x0000000100000000)
  eden space 16384K, 6% used [0x00000000feb00000,0x00000000fec0d1b0,0x00000000ffb00000)
  from space 2560K, 98% used [0x00000000ffd80000,0x00000000ffff8878,0x0000000100000000)
  to   space 2560K, 0% used [0x00000000ffb00000,0x00000000ffb00000,0x00000000ffd80000)
 ParOldGen       total 44032K, used 5840K [0x00000000fc000000, 0x00000000feb00000, 0x00000000feb00000)
  object space 44032K, 13% used [0x00000000fc000000,0x00000000fc5b40b0,0x00000000feb00000)
 Metaspace       used 7733K, capacity 7954K, committed 8192K, reserved 1056768K
  class space    used 903K, capacity 989K, committed 1024K, reserved 1048576K

Card table byte_map: [0x0000000003380000,0x00000000033b0000] byte_map_base: 0x0000000002ba0000

Marking Bits: (ParMarkBitMap*) 0x0000000066a13950
 Begin Bits: [0x0000000014800000, 0x0000000014900000)
 End Bits:   [0x0000000014900000, 0x0000000014a00000)

Polling page: 0x0000000003350000

CodeCache: size=245760Kb used=3461Kb max_used=3461Kb free=242298Kb
 bounds [0x0000000005040000, 0x00000000053b0000, 0x0000000014040000]
 total_blobs=1254 nmethods=923 adapters=245
 compilation: enabled

Compilation events (10 events):
Event: 2.410 Thread 0x00000000153fb800  920       3       com.google.devtools.build.android.desugar.DefaultMethodClassFixer::recordIfInstanceMethod (41 bytes)
Event: 2.411 Thread 0x00000000153fb800 nmethod 920 0x0000000005397190 code [0x00000000053973c0, 0x00000000053980d8]
Event: 2.411 Thread 0x00000000153fb800  921       3       org.objectweb.asm.MethodWriter::visitCode (1 bytes)
Event: 2.411 Thread 0x00000000153fb800 nmethod 921 0x0000000005398690 code [0x00000000053987e0, 0x0000000005398930]
Event: 2.411 Thread 0x00000000153fb800  923       3       org.objectweb.asm.MethodWriter::a (845 bytes)
Event: 2.416 Thread 0x00000000153fb800 nmethod 923 0x00000000053989d0 code [0x0000000005398e40, 0x000000000539b228]
Event: 2.416 Thread 0x00000000153fb800  924       3       org.objectweb.asm.MethodWriter::a (1609 bytes)
Event: 2.422 Thread 0x00000000153fb800 nmethod 924 0x000000000539c5d0 code [0x000000000539ce60, 0x00000000053a0818]
Event: 2.422 Thread 0x00000000153fb800  922       3       com.google.common.base.Preconditions::checkArgument (34 bytes)
Event: 2.423 Thread 0x00000000153fb800 nmethod 922 0x00000000053a2a90 code [0x00000000053a2c40, 0x00000000053a3298]

GC Heap History (4 events):
Event: 1.658 GC heap before
{Heap before GC invocations=1 (full 0):
 PSYoungGen      total 18944K, used 16384K [0x00000000feb00000, 0x0000000100000000, 0x0000000100000000)
  eden space 16384K, 100% used [0x00000000feb00000,0x00000000ffb00000,0x00000000ffb00000)
  from space 2560K, 0% used [0x00000000ffd80000,0x00000000ffd80000,0x0000000100000000)
  to   space 2560K, 0% used [0x00000000ffb00000,0x00000000ffb00000,0x00000000ffd80000)
 ParOldGen       total 44032K, used 0K [0x00000000fc000000, 0x00000000feb00000, 0x00000000feb00000)
  object space 44032K, 0% used [0x00000000fc000000,0x00000000fc000000,0x00000000feb00000)
 Metaspace       used 6510K, capacity 6688K, committed 6784K, reserved 1056768K
  class space    used 772K, capacity 824K, committed 896K, reserved 1048576K
Event: 1.666 GC heap after
Heap after GC invocations=1 (full 0):
 PSYoungGen      total 18944K, used 2544K [0x00000000feb00000, 0x0000000100000000, 0x0000000100000000)
  eden space 16384K, 0% used [0x00000000feb00000,0x00000000feb00000,0x00000000ffb00000)
  from space 2560K, 99% used [0x00000000ffb00000,0x00000000ffd7c020,0x00000000ffd80000)
  to   space 2560K, 0% used [0x00000000ffd80000,0x00000000ffd80000,0x0000000100000000)
 ParOldGen       total 44032K, used 1708K [0x00000000fc000000, 0x00000000feb00000, 0x00000000feb00000)
  object space 44032K, 3% used [0x00000000fc000000,0x00000000fc1ab030,0x00000000feb00000)
 Metaspace       used 6510K, capacity 6688K, committed 6784K, reserved 1056768K
  class space    used 772K, capacity 824K, committed 896K, reserved 1048576K
}
Event: 2.362 GC heap before
{Heap before GC invocations=2 (full 0):
 PSYoungGen      total 18944K, used 18928K [0x00000000feb00000, 0x0000000100000000, 0x0000000100000000)
  eden space 16384K, 100% used [0x00000000feb00000,0x00000000ffb00000,0x00000000ffb00000)
  from space 2560K, 99% used [0x00000000ffb00000,0x00000000ffd7c020,0x00000000ffd80000)
  to   space 2560K, 0% used [0x00000000ffd80000,0x00000000ffd80000,0x0000000100000000)
 ParOldGen       total 44032K, used 1708K [0x00000000fc000000, 0x00000000feb00000, 0x00000000feb00000)
  object space 44032K, 3% used [0x00000000fc000000,0x00000000fc1ab030,0x00000000feb00000)
 Metaspace       used 7705K, capacity 7890K, committed 7936K, reserved 1056768K
  class space    used 903K, capacity 989K, committed 1024K, reserved 1048576K
Event: 2.385 GC heap after
Heap after GC invocations=2 (full 0):
 PSYoungGen      total 18944K, used 2530K [0x00000000feb00000, 0x0000000100000000, 0x0000000100000000)
  eden space 16384K, 0% used [0x00000000feb00000,0x00000000feb00000,0x00000000ffb00000)
  from space 2560K, 98% used [0x00000000ffd80000,0x00000000ffff8878,0x0000000100000000)
  to   space 2560K, 0% used [0x00000000ffb00000,0x00000000ffb00000,0x00000000ffd80000)
 ParOldGen       total 44032K, used 5840K [0x00000000fc000000, 0x00000000feb00000, 0x00000000feb00000)
  object space 44032K, 13% used [0x00000000fc000000,0x00000000fc5b40b0,0x00000000feb00000)
 Metaspace       used 7705K, capacity 7890K, committed 7936K, reserved 1056768K
  class space    used 903K, capacity 989K, committed 1024K, reserved 1048576K
}

Deoptimization events (10 events):
Event: 2.107 Thread 0x0000000004f3e000 Uncommon trap: reason=class_check action=maybe_recompile pc=0x00000000052675ec method=com.google.common.collect.TransformedIterator.hasNext()Z @ 4
Event: 2.107 Thread 0x0000000004f3e000 Uncommon trap: reason=class_check action=maybe_recompile pc=0x0000000005253a68 method=com.google.common.collect.TransformedIterator.next()Ljava/lang/Object; @ 5
Event: 2.107 Thread 0x0000000004f3e000 Uncommon trap: reason=class_check action=maybe_recompile pc=0x0000000005257bd0 method=com.google.common.collect.Iterators$7.transform(Ljava/lang/Object;)Ljava/lang/Object; @ 5
Event: 2.107 Thread 0x0000000004f3e000 Uncommon trap: reason=class_check action=maybe_recompile pc=0x00000000052675ec method=com.google.common.collect.TransformedIterator.hasNext()Z @ 4
Event: 2.107 Thread 0x0000000004f3e000 Uncommon trap: reason=class_check action=maybe_recompile pc=0x0000000005253a68 method=com.google.common.collect.TransformedIterator.next()Ljava/lang/Object; @ 5
Event: 2.107 Thread 0x0000000004f3e000 Uncommon trap: reason=class_check action=maybe_recompile pc=0x0000000005257bd0 method=com.google.common.collect.Iterators$7.transform(Ljava/lang/Object;)Ljava/lang/Object; @ 5
Event: 2.107 Thread 0x0000000004f3e000 Uncommon trap: reason=class_check action=maybe_recompile pc=0x0000000005253a68 method=com.google.common.collect.TransformedIterator.next()Ljava/lang/Object; @ 5
Event: 2.107 Thread 0x0000000004f3e000 Uncommon trap: reason=class_check action=maybe_recompile pc=0x0000000005257bd0 method=com.google.common.collect.Iterators$7.transform(Ljava/lang/Object;)Ljava/lang/Object; @ 5
Event: 2.326 Thread 0x0000000004f3e000 Uncommon trap: reason=unstable_if action=reinterpret pc=0x000000000530c848 method=org.objectweb.asm.ClassReader.readUTF8(I[C)Ljava/lang/String; @ 7
Event: 2.327 Thread 0x0000000004f3e000 Uncommon trap: reason=unstable_if action=reinterpret pc=0x00000000052297f8 method=java.lang.String.<init>([CII)V @ 18

Classes redefined (0 events):
No events

Internal exceptions (10 events):
Event: 1.767 Thread 0x0000000004f3e000 Exception <a 'sun/nio/fs/WindowsException'> (0x00000000ff11aa30) thrown at [D:\src\AOSP-openjdk-cygwin\jdk8u\hotspot\src\share\vm\prims\jni.cpp, line 709]
Event: 1.786 Thread 0x0000000004f3e000 Exception <a 'sun/nio/fs/WindowsException'> (0x00000000ff11fe08) thrown at [D:\src\AOSP-openjdk-cygwin\jdk8u\hotspot\src\share\vm\prims\jni.cpp, line 709]
Event: 1.955 Thread 0x0000000004f3e000 Exception <a 'sun/nio/fs/WindowsException'> (0x00000000ff6fa3f8) thrown at [D:\src\AOSP-openjdk-cygwin\jdk8u\hotspot\src\share\vm\prims\jni.cpp, line 709]
Event: 1.955 Thread 0x0000000004f3e000 Exception <a 'sun/nio/fs/WindowsException'> (0x00000000ff6fa980) thrown at [D:\src\AOSP-openjdk-cygwin\jdk8u\hotspot\src\share\vm\prims\jni.cpp, line 709]
Event: 1.984 Thread 0x0000000004f3e000 Exception <a 'sun/nio/fs/WindowsException'> (0x00000000ff706180) thrown at [D:\src\AOSP-openjdk-cygwin\jdk8u\hotspot\src\share\vm\prims\jni.cpp, line 709]
Event: 1.984 Thread 0x0000000004f3e000 Exception <a 'sun/nio/fs/WindowsException'> (0x00000000ff706688) thrown at [D:\src\AOSP-openjdk-cygwin\jdk8u\hotspot\src\share\vm\prims\jni.cpp, line 709]
Event: 2.009 Thread 0x0000000004f3e000 Exception <a 'sun/nio/fs/WindowsException'> (0x00000000ff709ad0) thrown at [D:\src\AOSP-openjdk-cygwin\jdk8u\hotspot\src\share\vm\prims\jni.cpp, line 709]
Event: 2.009 Thread 0x0000000004f3e000 Exception <a 'sun/nio/fs/WindowsException'> (0x00000000ff709fd8) thrown at [D:\src\AOSP-openjdk-cygwin\jdk8u\hotspot\src\share\vm\prims\jni.cpp, line 709]
Event: 2.046 Thread 0x0000000004f3e000 Exception <a 'sun/nio/fs/WindowsException'> (0x00000000ff70d420) thrown at [D:\src\AOSP-openjdk-cygwin\jdk8u\hotspot\src\share\vm\prims\jni.cpp, line 709]
Event: 2.046 Thread 0x0000000004f3e000 Exception <a 'sun/nio/fs/WindowsException'> (0x00000000ff70d928) thrown at [D:\src\AOSP-openjdk-cygwin\jdk8u\hotspot\src\share\vm\prims\jni.cpp, line 709]

Events (10 events):
Event: 2.326 loading class java/time/temporal/TemporalAdjuster done
Event: 2.326 loading class java/time/Instant done
Event: 2.326 Thread 0x0000000004f3e000 Uncommon trap: trap_request=0xffffff65 fr.pc=0x000000000530c848
Event: 2.326 Thread 0x0000000004f3e000 DEOPT PACKING pc=0x000000000530c848 sp=0x0000000004e4e980
Event: 2.326 Thread 0x0000000004f3e000 DEOPT UNPACKING pc=0x000000000508556a sp=0x0000000004e4e950 mode 2
Event: 2.327 Thread 0x0000000004f3e000 Uncommon trap: trap_request=0xffffff65 fr.pc=0x00000000052297f8
Event: 2.327 Thread 0x0000000004f3e000 DEOPT PACKING pc=0x00000000052297f8 sp=0x0000000004e4e760
Event: 2.327 Thread 0x0000000004f3e000 DEOPT UNPACKING pc=0x000000000508556a sp=0x0000000004e4e728 mode 2
Event: 2.362 Executing VM operation: ParallelGCFailedAllocation
Event: 2.385 Executing VM operation: ParallelGCFailedAllocation done


Dynamic libraries:
0x00007ff61f750000 - 0x00007ff61f781000 	C:\Program Files\Android\Android Studio\jre\bin\java.exe
0x00007ffdc1810000 - 0x00007ffdc19f0000 	C:\WINDOWS\SYSTEM32\ntdll.dll
0x00007ffdc1730000 - 0x00007ffdc17de000 	C:\WINDOWS\System32\KERNEL32.DLL
0x00007ffdbea10000 - 0x00007ffdbec76000 	C:\WINDOWS\System32\KERNELBASE.dll
0x00007ffdc0d80000 - 0x00007ffdc0e21000 	C:\WINDOWS\System32\ADVAPI32.dll
0x00007ffdc1490000 - 0x00007ffdc152d000 	C:\WINDOWS\System32\msvcrt.dll
0x00007ffdc1530000 - 0x00007ffdc158b000 	C:\WINDOWS\System32\sechost.dll
0x00007ffdc03d0000 - 0x00007ffdc04ef000 	C:\WINDOWS\System32\RPCRT4.dll
0x00007ffdc0500000 - 0x00007ffdc068f000 	C:\WINDOWS\System32\USER32.dll
0x00007ffdbe9f0000 - 0x00007ffdbea10000 	C:\WINDOWS\System32\win32u.dll
0x00007ffdc0980000 - 0x00007ffdc09a8000 	C:\WINDOWS\System32\GDI32.dll
0x00007ffdbde30000 - 0x00007ffdbdfc3000 	C:\WINDOWS\System32\gdi32full.dll
0x00007ffdbdc90000 - 0x00007ffdbdd2b000 	C:\WINDOWS\System32\msvcp_win.dll
0x00007ffdbdd30000 - 0x00007ffdbde26000 	C:\WINDOWS\System32\ucrtbase.dll
0x00007ffda5f90000 - 0x00007ffda61f9000 	C:\WINDOWS\WinSxS\amd64_microsoft.windows.common-controls_6595b64144ccf1df_6.0.16299.248_none_15ced204935f55d7\COMCTL32.dll
0x00007ffdc09b0000 - 0x00007ffdc0cb8000 	C:\WINDOWS\System32\combase.dll
0x00007ffdbdc10000 - 0x00007ffdbdc82000 	C:\WINDOWS\System32\bcryptPrimitives.dll
0x00007ffdc03a0000 - 0x00007ffdc03cd000 	C:\WINDOWS\System32\IMM32.DLL
0x0000000066170000 - 0x0000000066242000 	C:\Program Files\Android\Android Studio\jre\jre\bin\msvcr100.dll
0x0000000066250000 - 0x0000000066a8e000 	C:\Program Files\Android\Android Studio\jre\jre\bin\server\jvm.dll
0x00007ffdc04f0000 - 0x00007ffdc04f8000 	C:\WINDOWS\System32\PSAPI.DLL
0x00007ffdaf5b0000 - 0x00007ffdaf5b9000 	C:\WINDOWS\SYSTEM32\WSOCK32.dll
0x00007ffdc0690000 - 0x00007ffdc06fc000 	C:\WINDOWS\System32\WS2_32.dll
0x00007ffdba600000 - 0x00007ffdba623000 	C:\WINDOWS\SYSTEM32\WINMM.dll
0x00007ffdb1080000 - 0x00007ffdb108a000 	C:\WINDOWS\SYSTEM32\VERSION.dll
0x00007ffdba5a0000 - 0x00007ffdba5ca000 	C:\WINDOWS\SYSTEM32\winmmbase.dll
0x00007ffdbdfd0000 - 0x00007ffdbe01a000 	C:\WINDOWS\System32\cfgmgr32.dll
0x00007ffdba510000 - 0x00007ffdba51f000 	C:\Program Files\Android\Android Studio\jre\jre\bin\verify.dll
0x00007ffdb9500000 - 0x00007ffdb9529000 	C:\Program Files\Android\Android Studio\jre\jre\bin\java.dll
0x00007ffdb9fc0000 - 0x00007ffdb9fd6000 	C:\Program Files\Android\Android Studio\jre\jre\bin\zip.dll
0x00007ffdbee80000 - 0x00007ffdc02b6000 	C:\WINDOWS\System32\SHELL32.dll
0x00007ffdc0cc0000 - 0x00007ffdc0d66000 	C:\WINDOWS\System32\shcore.dll
0x00007ffdbe2a0000 - 0x00007ffdbe9e7000 	C:\WINDOWS\System32\windows.storage.dll
0x00007ffdc1430000 - 0x00007ffdc1481000 	C:\WINDOWS\System32\shlwapi.dll
0x00007ffdbdbf0000 - 0x00007ffdbdc01000 	C:\WINDOWS\System32\kernel.appcore.dll
0x00007ffdbdb80000 - 0x00007ffdbdbcc000 	C:\WINDOWS\System32\powrprof.dll
0x00007ffdbdb60000 - 0x00007ffdbdb7b000 	C:\WINDOWS\System32\profapi.dll
0x00007ffdbd550000 - 0x00007ffdbd567000 	C:\WINDOWS\SYSTEM32\CRYPTSP.dll
0x00007ffdbcfa0000 - 0x00007ffdbcfd3000 	C:\WINDOWS\system32\rsaenh.dll
0x00007ffdbd650000 - 0x00007ffdbd675000 	C:\WINDOWS\SYSTEM32\bcrypt.dll
0x00007ffdbda60000 - 0x00007ffdbda89000 	C:\WINDOWS\SYSTEM32\USERENV.dll
0x00007ffdbd9b0000 - 0x00007ffdbd9bb000 	C:\WINDOWS\SYSTEM32\CRYPTBASE.dll
0x00007ffdb86b0000 - 0x00007ffdb86ca000 	C:\Program Files\Android\Android Studio\jre\jre\bin\net.dll
0x00007ffdbd390000 - 0x00007ffdbd3f6000 	C:\WINDOWS\system32\mswsock.dll
0x00007ffdbd120000 - 0x00007ffdbd159000 	C:\WINDOWS\SYSTEM32\IPHLPAPI.DLL
0x00007ffdc0d70000 - 0x00007ffdc0d78000 	C:\WINDOWS\System32\NSI.dll
0x00007ffdb6cf0000 - 0x00007ffdb6d06000 	C:\WINDOWS\SYSTEM32\dhcpcsvc6.DLL
0x00007ffdb6ea0000 - 0x00007ffdb6eba000 	C:\WINDOWS\SYSTEM32\dhcpcsvc.DLL
0x00007ffdb8610000 - 0x00007ffdb8621000 	C:\Program Files\Android\Android Studio\jre\jre\bin\nio.dll

VM Arguments:
jvm_args: -Djava.awt.headless=true -Xmx64M -Dfile.encoding=windows-1252 -Duser.country=DE -Duser.language=de -Duser.variant 
java_command: com.google.devtools.build.android.desugar.Desugar @D:\Programming\StreetMovementApp\app\build\intermediates\tmp\desugar_args4652198433930895834
java_class_path (initial): C:\Users\vreee\AppData\Local\Temp\desugar_deploy.jar1528186615136492505
Launcher Type: SUN_STANDARD

Environment Variables:
PATH=C:\ProgramData\Oracle\Java\javapath;C:\Program Files (x86)\Intel\iCLS Client\;C:\Program Files\Intel\iCLS Client\;C:\WINDOWS\system32;C:\WINDOWS;C:\WINDOWS\System32\Wbem;C:\WINDOWS\System32\WindowsPowerShell\v1.0\;C:\Program Files (x86)\Intel\Intel(R) Management Engine Components\DAL;C:\Program Files\Intel\Intel(R) Management Engine Components\DAL;C:\Program Files (x86)\Intel\Intel(R) Management Engine Components\IPT;C:\Program Files\Intel\Intel(R) Management Engine Components\IPT;C:\Program Files\Intel\WiFi\bin\;C:\Program Files\Common Files\Intel\WirelessCommon\;D:\itu\Fall 17\Introductory Programming\Git\cmd;C:\Program Files (x86)\QuickTime\QTSystem\;C:\Program Files (x86)\Brackets\command;C:\Program Files (x86)\Intel\iCLS Client\;C:\Program Files\Intel\iCLS Client\;C:\Windows\system32;C:\Windows;C:\Windows\System32\Wbem;C:\Windows\System32\WindowsPowerShell\v1.0\;C:\Program Files (x86)\Common Files\lenovo\easyplussdk\bin;C:\Program Files (x86)\Intel\Intel(R) Management Engine Components\DAL;C:\Program Files\Intel\Intel(R) Management Engine Components\DAL;C:\Program Files (x86)\Intel\Intel(R) Management Engine Components\IPT;C:\Program Files\Intel\Intel(R) Management Engine Components\IPT;C:\Program Files\Intel\WiFi\bin\;C:\Program Files\Common Files\Intel\WirelessCommon\;C:\Program Files (x86)\QuickTime\QTSystem\;C:\Python27;C:\Users\vreee\AppData\Local\Microsoft\WindowsApps;%USERPROFILE%\AppData\Local\Microsoft\WindowsApps;
USERNAME=vreee
OS=Windows_NT
PROCESSOR_IDENTIFIER=Intel64 Family 6 Model 61 Stepping 4, GenuineIntel



---------------  S Y S T E M  ---------------

OS: Windows 10.0 , 64 bit Build 16299 (10.0.16299.15)

CPU:total 4 (initial active 4) (2 cores per cpu, 2 threads per core) family 6 model 61 stepping 4, cmov, cx8, fxsr, mmx, sse, sse2, sse3, ssse3, sse4.1, sse4.2, popcnt, avx, avx2, aes, clmul, erms, 3dnowpref, lzcnt, ht, tsc, tscinvbit, bmi1, bmi2, adx

Memory: 4k page, physical 8292268k(742288k free), swap 21208360k(9508k free)

vm_info: OpenJDK 64-Bit Server VM (25.152-b01) for windows-amd64 JRE (1.8.0_152-release-915-b01), built by "builder" with MS VC++ 10.0 (VS2010)

time: Mon Feb 19 12:58:34 2018
elapsed time: 2 seconds (0d 0h 0m 2s)

