#
# There is insufficient memory for the Java Runtime Environment to continue.
# Native memory allocation (malloc) failed to allocate 1962032 bytes for Chunk::new
# Possible reasons:
#   The system is out of physical RAM or swap space
#   In 32 bit mode, the process size limit was hit
# Possible solutions:
#   Reduce memory load on the system
#   Increase physical memory or swap space
#   Check if swap backing store is full
#   Use 64 bit Java on a 64 bit OS
#   Decrease Java heap size (-Xmx/-Xms)
#   Decrease number of Java threads
#   Decrease Java thread stack sizes (-Xss)
#   Set larger code cache with -XX:ReservedCodeCacheSize=
# This output file may be truncated or incomplete.
#
#  Out of Memory Error (allocation.cpp:390), pid=15508, tid=0x00000000000037d4
#
# JRE version: OpenJDK Runtime Environment (8.0_152-b01) (build 1.8.0_152-release-915-b01)
# Java VM: OpenJDK 64-Bit Server VM (25.152-b01 mixed mode windows-amd64 compressed oops)
# Failed to write core dump. Minidumps are not enabled by default on client versions of Windows
#

---------------  T H R E A D  ---------------

Current thread (0x000000001548d800):  JavaThread "C2 CompilerThread0" daemon [_thread_in_native, id=14292, stack(0x0000000016b30000,0x0000000016c30000)]

Stack: [0x0000000016b30000,0x0000000016c30000]
[error occurred during error reporting (printing stack bounds), id 0xc0000005]

Native frames: (J=compiled Java code, j=interpreted, Vv=VM code, C=native code)


Current CompileTask:
C2:   3390  924       4       org.objectweb.asm.ClassReader::a (3587 bytes)


---------------  P R O C E S S  ---------------

Java Threads: ( => current thread )
  0x0000000016e37800 JavaThread "Service Thread" daemon [_thread_blocked, id=68, stack(0x0000000017230000,0x0000000017330000)]
  0x00000000154ea000 JavaThread "C1 CompilerThread2" daemon [_thread_blocked, id=8472, stack(0x0000000016d30000,0x0000000016e30000)]
  0x0000000015491000 JavaThread "C2 CompilerThread1" daemon [_thread_blocked, id=14324, stack(0x0000000016c30000,0x0000000016d30000)]
=>0x000000001548d800 JavaThread "C2 CompilerThread0" daemon [_thread_in_native, id=14292, stack(0x0000000016b30000,0x0000000016c30000)]
  0x000000001548c800 JavaThread "Attach Listener" daemon [_thread_blocked, id=14616, stack(0x0000000016a30000,0x0000000016b30000)]
  0x000000001548b000 JavaThread "Signal Dispatcher" daemon [_thread_blocked, id=10848, stack(0x0000000016930000,0x0000000016a30000)]
  0x0000000015478800 JavaThread "Finalizer" daemon [_thread_blocked, id=232, stack(0x0000000016710000,0x0000000016810000)]
  0x0000000005121800 JavaThread "Reference Handler" daemon [_thread_blocked, id=16436, stack(0x0000000016610000,0x0000000016710000)]
  0x0000000004f2e000 JavaThread "main" [_thread_in_native, id=1960, stack(0x0000000004f30000,0x0000000005030000)]

Other Threads:
  0x0000000015456000 VMThread [stack: 0x0000000016510000,0x0000000016610000] [id=10308]
  0x0000000016e3a000 WatcherThread [stack: 0x0000000017330000,0x0000000017430000] [id=12916]

VM state:not at safepoint (normal execution)

VM Mutex/Monitor currently owned by a thread: None

Heap:
 PSYoungGen      total 18944K, used 7845K [0x00000000feb00000, 0x0000000100000000, 0x0000000100000000)
  eden space 16384K, 32% used [0x00000000feb00000,0x00000000ff02b738,0x00000000ffb00000)
  from space 2560K, 99% used [0x00000000ffd80000,0x00000000ffffddc8,0x0000000100000000)
  to   space 2560K, 0% used [0x00000000ffb00000,0x00000000ffb00000,0x00000000ffd80000)
 ParOldGen       total 44032K, used 5714K [0x00000000fc000000, 0x00000000feb00000, 0x00000000feb00000)
  object space 44032K, 12% used [0x00000000fc000000,0x00000000fc5949b0,0x00000000feb00000)
 Metaspace       used 7780K, capacity 7954K, committed 8192K, reserved 1056768K
  class space    used 903K, capacity 989K, committed 1024K, reserved 1048576K

Card table byte_map: [0x00000000035f0000,0x0000000003620000] byte_map_base: 0x0000000002e10000

Marking Bits: (ParMarkBitMap*) 0x0000000066a13950
 Begin Bits: [0x00000000148f0000, 0x00000000149f0000)
 End Bits:   [0x00000000149f0000, 0x0000000014af0000)

Polling page: 0x0000000000dd0000

CodeCache: size=245760Kb used=3667Kb max_used=3675Kb free=242092Kb
 bounds [0x0000000005130000, 0x00000000054d0000, 0x0000000014130000]
 total_blobs=1316 nmethods=985 adapters=245
 compilation: enabled

Compilation events (10 events):
Event: 3.303 Thread 0x00000000154ea000  982       3       org.objectweb.asm.ClassReader::a (75 bytes)
Event: 3.304 Thread 0x00000000154ea000 nmethod 982 0x00000000054bdd50 code [0x00000000054bdf20, 0x00000000054be5f8]
Event: 3.335 Thread 0x0000000015491000  983       4       org.objectweb.asm.MethodVisitor::visitFrame (22 bytes)
Event: 3.336 Thread 0x0000000015491000 nmethod 983 0x00000000054bb1d0 code [0x00000000054bb300, 0x00000000054bb398]
Event: 3.371 Thread 0x00000000154ea000  984       3       com.google.common.collect.ImmutableList::of (4 bytes)
Event: 3.371 Thread 0x00000000154ea000 nmethod 984 0x00000000054baed0 code [0x00000000054bb020, 0x00000000054bb150]
Event: 3.371 Thread 0x00000000154ea000  985       3       org.objectweb.asm.FieldWriter::visitEnd (1 bytes)
Event: 3.371 Thread 0x00000000154ea000 nmethod 985 0x00000000054bab90 code [0x00000000054bace0, 0x00000000054bae30]
Event: 3.371 Thread 0x00000000154ea000  986       3       org.objectweb.asm.FieldVisitor::<init> (35 bytes)
Event: 3.371 Thread 0x00000000154ea000 nmethod 986 0x00000000054bd7d0 code [0x00000000054bd940, 0x00000000054bdc48]

GC Heap History (4 events):
Event: 1.285 GC heap before
{Heap before GC invocations=1 (full 0):
 PSYoungGen      total 18944K, used 16384K [0x00000000feb00000, 0x0000000100000000, 0x0000000100000000)
  eden space 16384K, 100% used [0x00000000feb00000,0x00000000ffb00000,0x00000000ffb00000)
  from space 2560K, 0% used [0x00000000ffd80000,0x00000000ffd80000,0x0000000100000000)
  to   space 2560K, 0% used [0x00000000ffb00000,0x00000000ffb00000,0x00000000ffd80000)
 ParOldGen       total 44032K, used 0K [0x00000000fc000000, 0x00000000feb00000, 0x00000000feb00000)
  object space 44032K, 0% used [0x00000000fc000000,0x00000000fc000000,0x00000000feb00000)
 Metaspace       used 6496K, capacity 6624K, committed 6784K, reserved 1056768K
  class space    used 772K, capacity 824K, committed 896K, reserved 1048576K
Event: 1.291 GC heap after
Heap after GC invocations=1 (full 0):
 PSYoungGen      total 18944K, used 2544K [0x00000000feb00000, 0x0000000100000000, 0x0000000100000000)
  eden space 16384K, 0% used [0x00000000feb00000,0x00000000feb00000,0x00000000ffb00000)
  from space 2560K, 99% used [0x00000000ffb00000,0x00000000ffd7c020,0x00000000ffd80000)
  to   space 2560K, 0% used [0x00000000ffd80000,0x00000000ffd80000,0x0000000100000000)
 ParOldGen       total 44032K, used 1694K [0x00000000fc000000, 0x00000000feb00000, 0x00000000feb00000)
  object space 44032K, 3% used [0x00000000fc000000,0x00000000fc1a7a40,0x00000000feb00000)
 Metaspace       used 6496K, capacity 6624K, committed 6784K, reserved 1056768K
  class space    used 772K, capacity 824K, committed 896K, reserved 1048576K
}
Event: 2.231 GC heap before
{Heap before GC invocations=2 (full 0):
 PSYoungGen      total 18944K, used 18928K [0x00000000feb00000, 0x0000000100000000, 0x0000000100000000)
  eden space 16384K, 100% used [0x00000000feb00000,0x00000000ffb00000,0x00000000ffb00000)
  from space 2560K, 99% used [0x00000000ffb00000,0x00000000ffd7c020,0x00000000ffd80000)
  to   space 2560K, 0% used [0x00000000ffd80000,0x00000000ffd80000,0x0000000100000000)
 ParOldGen       total 44032K, used 1694K [0x00000000fc000000, 0x00000000feb00000, 0x00000000feb00000)
  object space 44032K, 3% used [0x00000000fc000000,0x00000000fc1a7a40,0x00000000feb00000)
 Metaspace       used 7678K, capacity 7890K, committed 7936K, reserved 1056768K
  class space    used 903K, capacity 989K, committed 1024K, reserved 1048576K
Event: 2.242 GC heap after
Heap after GC invocations=2 (full 0):
 PSYoungGen      total 18944K, used 2551K [0x00000000feb00000, 0x0000000100000000, 0x0000000100000000)
  eden space 16384K, 0% used [0x00000000feb00000,0x00000000feb00000,0x00000000ffb00000)
  from space 2560K, 99% used [0x00000000ffd80000,0x00000000ffffddc8,0x0000000100000000)
  to   space 2560K, 0% used [0x00000000ffb00000,0x00000000ffb00000,0x00000000ffd80000)
 ParOldGen       total 44032K, used 5714K [0x00000000fc000000, 0x00000000feb00000, 0x00000000feb00000)
  object space 44032K, 12% used [0x00000000fc000000,0x00000000fc5949b0,0x00000000feb00000)
 Metaspace       used 7678K, capacity 7890K, committed 7936K, reserved 1056768K
  class space    used 903K, capacity 989K, committed 1024K, reserved 1048576K
}

Deoptimization events (10 events):
Event: 1.852 Thread 0x0000000004f2e000 Uncommon trap: reason=class_check action=maybe_recompile pc=0x0000000005341690 method=com.google.common.collect.Iterators$7.transform(Ljava/lang/Object;)Ljava/lang/Object; @ 5
Event: 1.852 Thread 0x0000000004f2e000 Uncommon trap: reason=class_check action=maybe_recompile pc=0x000000000534f5ec method=com.google.common.collect.TransformedIterator.hasNext()Z @ 4
Event: 1.852 Thread 0x0000000004f2e000 Uncommon trap: reason=class_check action=maybe_recompile pc=0x000000000533b618 method=com.google.common.collect.TransformedIterator.next()Ljava/lang/Object; @ 5
Event: 1.852 Thread 0x0000000004f2e000 Uncommon trap: reason=class_check action=maybe_recompile pc=0x0000000005341690 method=com.google.common.collect.Iterators$7.transform(Ljava/lang/Object;)Ljava/lang/Object; @ 5
Event: 1.852 Thread 0x0000000004f2e000 Uncommon trap: reason=class_check action=maybe_recompile pc=0x000000000533b618 method=com.google.common.collect.TransformedIterator.next()Ljava/lang/Object; @ 5
Event: 1.852 Thread 0x0000000004f2e000 Uncommon trap: reason=class_check action=maybe_recompile pc=0x0000000005341690 method=com.google.common.collect.Iterators$7.transform(Ljava/lang/Object;)Ljava/lang/Object; @ 5
Event: 2.081 Thread 0x0000000004f2e000 Uncommon trap: reason=unstable_if action=reinterpret pc=0x0000000005423308 method=java.lang.String.<init>([CII)V @ 18
Event: 2.386 Thread 0x0000000004f2e000 Uncommon trap: reason=unstable_if action=reinterpret pc=0x0000000005433d3c method=java.lang.String.<init>([CII)V @ 18
Event: 2.387 Thread 0x0000000004f2e000 Uncommon trap: reason=unstable_if action=reinterpret pc=0x0000000005315f38 method=java.lang.String.<init>([CII)V @ 18
Event: 2.398 Thread 0x0000000004f2e000 Uncommon trap: reason=unstable_if action=reinterpret pc=0x000000000547d450 method=org.objectweb.asm.Type.getArgumentsAndReturnSizes(Ljava/lang/String;)I @ 130

Classes redefined (0 events):
No events

Internal exceptions (10 events):
Event: 1.466 Thread 0x0000000004f2e000 Exception <a 'sun/nio/fs/WindowsException'> (0x00000000ff119130) thrown at [D:\src\AOSP-openjdk-cygwin\jdk8u\hotspot\src\share\vm\prims\jni.cpp, line 709]
Event: 1.466 Thread 0x0000000004f2e000 Exception <a 'sun/nio/fs/WindowsException'> (0x00000000ff119708) thrown at [D:\src\AOSP-openjdk-cygwin\jdk8u\hotspot\src\share\vm\prims\jni.cpp, line 709]
Event: 1.466 Thread 0x0000000004f2e000 Exception <a 'sun/nio/fs/WindowsException'> (0x00000000ff119ed8) thrown at [D:\src\AOSP-openjdk-cygwin\jdk8u\hotspot\src\share\vm\prims\jni.cpp, line 709]
Event: 1.467 Thread 0x0000000004f2e000 Exception <a 'sun/nio/fs/WindowsException'> (0x00000000ff11a488) thrown at [D:\src\AOSP-openjdk-cygwin\jdk8u\hotspot\src\share\vm\prims\jni.cpp, line 709]
Event: 1.467 Thread 0x0000000004f2e000 Exception <a 'sun/nio/fs/WindowsException'> (0x00000000ff11ac38) thrown at [D:\src\AOSP-openjdk-cygwin\jdk8u\hotspot\src\share\vm\prims\jni.cpp, line 709]
Event: 1.485 Thread 0x0000000004f2e000 Exception <a 'sun/nio/fs/WindowsException'> (0x00000000ff120010) thrown at [D:\src\AOSP-openjdk-cygwin\jdk8u\hotspot\src\share\vm\prims\jni.cpp, line 709]
Event: 1.748 Thread 0x0000000004f2e000 Exception <a 'sun/nio/fs/WindowsException'> (0x00000000ff6fa600) thrown at [D:\src\AOSP-openjdk-cygwin\jdk8u\hotspot\src\share\vm\prims\jni.cpp, line 709]
Event: 1.748 Thread 0x0000000004f2e000 Exception <a 'sun/nio/fs/WindowsException'> (0x00000000ff6fab88) thrown at [D:\src\AOSP-openjdk-cygwin\jdk8u\hotspot\src\share\vm\prims\jni.cpp, line 709]
Event: 1.788 Thread 0x0000000004f2e000 Exception <a 'sun/nio/fs/WindowsException'> (0x00000000ff706388) thrown at [D:\src\AOSP-openjdk-cygwin\jdk8u\hotspot\src\share\vm\prims\jni.cpp, line 709]
Event: 1.788 Thread 0x0000000004f2e000 Exception <a 'sun/nio/fs/WindowsException'> (0x00000000ff706890) thrown at [D:\src\AOSP-openjdk-cygwin\jdk8u\hotspot\src\share\vm\prims\jni.cpp, line 709]

Events (10 events):
Event: 2.242 Executing VM operation: ParallelGCFailedAllocation done
Event: 2.386 Thread 0x0000000004f2e000 Uncommon trap: trap_request=0xffffff65 fr.pc=0x0000000005433d3c
Event: 2.386 Thread 0x0000000004f2e000 DEOPT PACKING pc=0x0000000005433d3c sp=0x000000000502e580
Event: 2.386 Thread 0x0000000004f2e000 DEOPT UNPACKING pc=0x000000000517556a sp=0x000000000502e438 mode 2
Event: 2.387 Thread 0x0000000004f2e000 Uncommon trap: trap_request=0xffffff65 fr.pc=0x0000000005315f38
Event: 2.387 Thread 0x0000000004f2e000 DEOPT PACKING pc=0x0000000005315f38 sp=0x000000000502e4a0
Event: 2.387 Thread 0x0000000004f2e000 DEOPT UNPACKING pc=0x000000000517556a sp=0x000000000502e468 mode 2
Event: 2.398 Thread 0x0000000004f2e000 Uncommon trap: trap_request=0xffffff65 fr.pc=0x000000000547d450
Event: 2.398 Thread 0x0000000004f2e000 DEOPT PACKING pc=0x000000000547d450 sp=0x000000000502e2e0
Event: 2.398 Thread 0x0000000004f2e000 DEOPT UNPACKING pc=0x000000000517556a sp=0x000000000502e278 mode 2


Dynamic libraries:
0x00007ff61f750000 - 0x00007ff61f781000 	C:\Program Files\Android\Android Studio\jre\bin\java.exe
0x00007ffdc1810000 - 0x00007ffdc19f0000 	C:\WINDOWS\SYSTEM32\ntdll.dll
0x00007ffdc1730000 - 0x00007ffdc17de000 	C:\WINDOWS\System32\KERNEL32.DLL
0x00007ffdbea10000 - 0x00007ffdbec76000 	C:\WINDOWS\System32\KERNELBASE.dll
0x00007ffdc0d80000 - 0x00007ffdc0e21000 	C:\WINDOWS\System32\ADVAPI32.dll
0x00007ffdc1490000 - 0x00007ffdc152d000 	C:\WINDOWS\System32\msvcrt.dll
0x00007ffdc1530000 - 0x00007ffdc158b000 	C:\WINDOWS\System32\sechost.dll
0x00007ffdc03d0000 - 0x00007ffdc04ef000 	C:\WINDOWS\System32\RPCRT4.dll
0x00007ffdc0500000 - 0x00007ffdc068f000 	C:\WINDOWS\System32\USER32.dll
0x00007ffdbe9f0000 - 0x00007ffdbea10000 	C:\WINDOWS\System32\win32u.dll
0x00007ffdc0980000 - 0x00007ffdc09a8000 	C:\WINDOWS\System32\GDI32.dll
0x00007ffdbde30000 - 0x00007ffdbdfc3000 	C:\WINDOWS\System32\gdi32full.dll
0x00007ffdbdc90000 - 0x00007ffdbdd2b000 	C:\WINDOWS\System32\msvcp_win.dll
0x00007ffdbdd30000 - 0x00007ffdbde26000 	C:\WINDOWS\System32\ucrtbase.dll
0x00007ffda5f90000 - 0x00007ffda61f9000 	C:\WINDOWS\WinSxS\amd64_microsoft.windows.common-controls_6595b64144ccf1df_6.0.16299.248_none_15ced204935f55d7\COMCTL32.dll
0x00007ffdc09b0000 - 0x00007ffdc0cb8000 	C:\WINDOWS\System32\combase.dll
0x00007ffdbdc10000 - 0x00007ffdbdc82000 	C:\WINDOWS\System32\bcryptPrimitives.dll
0x00007ffdc03a0000 - 0x00007ffdc03cd000 	C:\WINDOWS\System32\IMM32.DLL
0x0000000066170000 - 0x0000000066242000 	C:\Program Files\Android\Android Studio\jre\jre\bin\msvcr100.dll
0x0000000066250000 - 0x0000000066a8e000 	C:\Program Files\Android\Android Studio\jre\jre\bin\server\jvm.dll
0x00007ffdc04f0000 - 0x00007ffdc04f8000 	C:\WINDOWS\System32\PSAPI.DLL
0x00007ffdba600000 - 0x00007ffdba623000 	C:\WINDOWS\SYSTEM32\WINMM.dll
0x00007ffdb1080000 - 0x00007ffdb108a000 	C:\WINDOWS\SYSTEM32\VERSION.dll
0x00007ffdaf5b0000 - 0x00007ffdaf5b9000 	C:\WINDOWS\SYSTEM32\WSOCK32.dll
0x00007ffdc0690000 - 0x00007ffdc06fc000 	C:\WINDOWS\System32\WS2_32.dll
0x00007ffdba5a0000 - 0x00007ffdba5ca000 	C:\WINDOWS\SYSTEM32\WINMMBASE.dll
0x00007ffdbdfd0000 - 0x00007ffdbe01a000 	C:\WINDOWS\System32\cfgmgr32.dll
0x00007ffdba510000 - 0x00007ffdba51f000 	C:\Program Files\Android\Android Studio\jre\jre\bin\verify.dll
0x00007ffdb9500000 - 0x00007ffdb9529000 	C:\Program Files\Android\Android Studio\jre\jre\bin\java.dll
0x00007ffdb9fc0000 - 0x00007ffdb9fd6000 	C:\Program Files\Android\Android Studio\jre\jre\bin\zip.dll
0x00007ffdbee80000 - 0x00007ffdc02b6000 	C:\WINDOWS\System32\SHELL32.dll
0x00007ffdc0cc0000 - 0x00007ffdc0d66000 	C:\WINDOWS\System32\shcore.dll
0x00007ffdbe2a0000 - 0x00007ffdbe9e7000 	C:\WINDOWS\System32\windows.storage.dll
0x00007ffdc1430000 - 0x00007ffdc1481000 	C:\WINDOWS\System32\shlwapi.dll
0x00007ffdbdbf0000 - 0x00007ffdbdc01000 	C:\WINDOWS\System32\kernel.appcore.dll
0x00007ffdbdb80000 - 0x00007ffdbdbcc000 	C:\WINDOWS\System32\powrprof.dll
0x00007ffdbdb60000 - 0x00007ffdbdb7b000 	C:\WINDOWS\System32\profapi.dll
0x00007ffdbd550000 - 0x00007ffdbd567000 	C:\WINDOWS\SYSTEM32\CRYPTSP.dll
0x00007ffdbcfa0000 - 0x00007ffdbcfd3000 	C:\WINDOWS\system32\rsaenh.dll
0x00007ffdbd650000 - 0x00007ffdbd675000 	C:\WINDOWS\SYSTEM32\bcrypt.dll
0x00007ffdbda60000 - 0x00007ffdbda89000 	C:\WINDOWS\SYSTEM32\USERENV.dll
0x00007ffdbd9b0000 - 0x00007ffdbd9bb000 	C:\WINDOWS\SYSTEM32\CRYPTBASE.dll
0x00007ffdb86b0000 - 0x00007ffdb86ca000 	C:\Program Files\Android\Android Studio\jre\jre\bin\net.dll
0x00007ffdbd390000 - 0x00007ffdbd3f6000 	C:\WINDOWS\system32\mswsock.dll
0x00007ffdbd120000 - 0x00007ffdbd159000 	C:\WINDOWS\SYSTEM32\IPHLPAPI.DLL
0x00007ffdc0d70000 - 0x00007ffdc0d78000 	C:\WINDOWS\System32\NSI.dll
0x00007ffdb6cf0000 - 0x00007ffdb6d06000 	C:\WINDOWS\SYSTEM32\dhcpcsvc6.DLL
0x00007ffdb6ea0000 - 0x00007ffdb6eba000 	C:\WINDOWS\SYSTEM32\dhcpcsvc.DLL
0x00007ffdb8610000 - 0x00007ffdb8621000 	C:\Program Files\Android\Android Studio\jre\jre\bin\nio.dll

VM Arguments:
jvm_args: -Djava.awt.headless=true -Xmx64M -Dfile.encoding=windows-1252 -Duser.country=DE -Duser.language=de -Duser.variant 
java_command: com.google.devtools.build.android.desugar.Desugar @D:\Programming\StreetMovementApp\app\build\intermediates\tmp\desugar_args335485992582706105
java_class_path (initial): C:\Users\vreee\AppData\Local\Temp\desugar_deploy.jar1528186615136492505
Launcher Type: SUN_STANDARD

Environment Variables:
PATH=C:\ProgramData\Oracle\Java\javapath;C:\Program Files (x86)\Intel\iCLS Client\;C:\Program Files\Intel\iCLS Client\;C:\WINDOWS\system32;C:\WINDOWS;C:\WINDOWS\System32\Wbem;C:\WINDOWS\System32\WindowsPowerShell\v1.0\;C:\Program Files (x86)\Intel\Intel(R) Management Engine Components\DAL;C:\Program Files\Intel\Intel(R) Management Engine Components\DAL;C:\Program Files (x86)\Intel\Intel(R) Management Engine Components\IPT;C:\Program Files\Intel\Intel(R) Management Engine Components\IPT;C:\Program Files\Intel\WiFi\bin\;C:\Program Files\Common Files\Intel\WirelessCommon\;D:\itu\Fall 17\Introductory Programming\Git\cmd;C:\Program Files (x86)\QuickTime\QTSystem\;C:\Program Files (x86)\Brackets\command;C:\Program Files (x86)\Intel\iCLS Client\;C:\Program Files\Intel\iCLS Client\;C:\Windows\system32;C:\Windows;C:\Windows\System32\Wbem;C:\Windows\System32\WindowsPowerShell\v1.0\;C:\Program Files (x86)\Common Files\lenovo\easyplussdk\bin;C:\Program Files (x86)\Intel\Intel(R) Management Engine Components\DAL;C:\Program Files\Intel\Intel(R) Management Engine Components\DAL;C:\Program Files (x86)\Intel\Intel(R) Management Engine Components\IPT;C:\Program Files\Intel\Intel(R) Management Engine Components\IPT;C:\Program Files\Intel\WiFi\bin\;C:\Program Files\Common Files\Intel\WirelessCommon\;C:\Program Files (x86)\QuickTime\QTSystem\;C:\Python27;C:\Users\vreee\AppData\Local\Microsoft\WindowsApps;%USERPROFILE%\AppData\Local\Microsoft\WindowsApps;
USERNAME=vreee
OS=Windows_NT
PROCESSOR_IDENTIFIER=Intel64 Family 6 Model 61 Stepping 4, GenuineIntel



---------------  S Y S T E M  ---------------

OS: Windows 10.0 , 64 bit Build 16299 (10.0.16299.15)

CPU:total 4 (initial active 4) (2 cores per cpu, 2 threads per core) family 6 model 61 stepping 4, cmov, cx8, fxsr, mmx, sse, sse2, sse3, ssse3, sse4.1, sse4.2, popcnt, avx, avx2, aes, clmul, erms, 3dnowpref, lzcnt, ht, tsc, tscinvbit, bmi1, bmi2, adx

Memory: 4k page, physical 8292268k(852904k free), swap 21208360k(6340k free)

vm_info: OpenJDK 64-Bit Server VM (25.152-b01) for windows-amd64 JRE (1.8.0_152-release-915-b01), built by "builder" with MS VC++ 10.0 (VS2010)

time: Mon Feb 19 13:02:28 2018
elapsed time: 3 seconds (0d 0h 0m 3s)

