#
# There is insufficient memory for the Java Runtime Environment to continue.
# Native memory allocation (malloc) failed to allocate 62704 bytes for Chunk::new
# Possible reasons:
#   The system is out of physical RAM or swap space
#   In 32 bit mode, the process size limit was hit
# Possible solutions:
#   Reduce memory load on the system
#   Increase physical memory or swap space
#   Check if swap backing store is full
#   Use 64 bit Java on a 64 bit OS
#   Decrease Java heap size (-Xmx/-Xms)
#   Decrease number of Java threads
#   Decrease Java thread stack sizes (-Xss)
#   Set larger code cache with -XX:ReservedCodeCacheSize=
# This output file may be truncated or incomplete.
#
#  Out of Memory Error (allocation.cpp:390), pid=248, tid=0x0000000000000abc
#
# JRE version: OpenJDK Runtime Environment (8.0_152-b01) (build 1.8.0_152-release-915-b01)
# Java VM: OpenJDK 64-Bit Server VM (25.152-b01 mixed mode windows-amd64 compressed oops)
# Failed to write core dump. Minidumps are not enabled by default on client versions of Windows
#

---------------  T H R E A D  ---------------

Current thread (0x00000000149be800):  JavaThread "C2 CompilerThread0" daemon [_thread_in_native, id=2748, stack(0x0000000016030000,0x0000000016130000)]

Stack: [0x0000000016030000,0x0000000016130000]
[error occurred during error reporting (printing stack bounds), id 0xc0000005]

Native frames: (J=compiled Java code, j=interpreted, Vv=VM code, C=native code)


Current CompileTask:
C2:   2560  917       4       org.objectweb.asm.ClassReader::a (3587 bytes)


---------------  P R O C E S S  ---------------

Java Threads: ( => current thread )
  0x000000001623e800 JavaThread "Service Thread" daemon [_thread_blocked, id=12700, stack(0x0000000016730000,0x0000000016830000)]
  0x0000000016230800 JavaThread "C1 CompilerThread2" daemon [_thread_blocked, id=7480, stack(0x0000000016630000,0x0000000016730000)]
  0x00000000149c2000 JavaThread "C2 CompilerThread1" daemon [_thread_blocked, id=11472, stack(0x0000000016130000,0x0000000016230000)]
=>0x00000000149be800 JavaThread "C2 CompilerThread0" daemon [_thread_in_native, id=2748, stack(0x0000000016030000,0x0000000016130000)]
  0x00000000149bd800 JavaThread "Attach Listener" daemon [_thread_blocked, id=5336, stack(0x0000000015f30000,0x0000000016030000)]
  0x00000000149bc000 JavaThread "Signal Dispatcher" daemon [_thread_blocked, id=9864, stack(0x0000000015e30000,0x0000000015f30000)]
  0x0000000004617000 JavaThread "Finalizer" daemon [_thread_blocked, id=3484, stack(0x0000000015c10000,0x0000000015d10000)]
  0x0000000004611800 JavaThread "Reference Handler" daemon [_thread_blocked, id=5460, stack(0x0000000015b10000,0x0000000015c10000)]
  0x00000000043ce000 JavaThread "main" [_thread_in_native, id=5292, stack(0x0000000004280000,0x0000000004380000)]

Other Threads:
  0x0000000014985000 VMThread [stack: 0x0000000015a10000,0x0000000015b10000] [id=15108]
  0x0000000016241800 WatcherThread [stack: 0x0000000016830000,0x0000000016930000] [id=528]

VM state:not at safepoint (normal execution)

VM Mutex/Monitor currently owned by a thread: None

Heap:
 PSYoungGen      total 18944K, used 4487K [0x00000000feb00000, 0x0000000100000000, 0x0000000100000000)
  eden space 16384K, 11% used [0x00000000feb00000,0x00000000fece40e8,0x00000000ffb00000)
  from space 2560K, 99% used [0x00000000ffd80000,0x00000000ffffdda8,0x0000000100000000)
  to   space 2560K, 0% used [0x00000000ffb00000,0x00000000ffb00000,0x00000000ffd80000)
 ParOldGen       total 44032K, used 5738K [0x00000000fc000000, 0x00000000feb00000, 0x00000000feb00000)
  object space 44032K, 13% used [0x00000000fc000000,0x00000000fc59ab68,0x00000000feb00000)
 Metaspace       used 7739K, capacity 7954K, committed 8192K, reserved 1056768K
  class space    used 902K, capacity 989K, committed 1024K, reserved 1048576K

Card table byte_map: [0x00000000043d0000,0x0000000004400000] byte_map_base: 0x0000000003bf0000

Marking Bits: (ParMarkBitMap*) 0x0000000066a13950
 Begin Bits: [0x0000000013e00000, 0x0000000013f00000)
 End Bits:   [0x0000000013f00000, 0x0000000014000000)

Polling page: 0x0000000004380000

CodeCache: size=245760Kb used=3513Kb max_used=3520Kb free=242246Kb
 bounds [0x0000000004620000, 0x00000000049a0000, 0x0000000013620000]
 total_blobs=1260 nmethods=929 adapters=245
 compilation: enabled

Compilation events (10 events):
Event: 2.401 Thread 0x0000000016230800  925       3       sun.util.calendar.CalendarDate::setNormalized (6 bytes)
Event: 2.401 Thread 0x0000000016230800 nmethod 925 0x000000000498e550 code [0x000000000498e6a0, 0x000000000498e7f0]
Event: 2.401 Thread 0x0000000016230800  926       3       java.util.zip.ZipOutputStream::ensureOpen (18 bytes)
Event: 2.401 Thread 0x0000000016230800 nmethod 926 0x000000000498e0d0 code [0x000000000498e240, 0x000000000498e488]
Event: 2.402 Thread 0x00000000149c2000  927       4       org.objectweb.asm.ClassReader::readClass (16 bytes)
Event: 2.402 Thread 0x0000000016230800  928       3       com.google.common.base.Preconditions::checkArgument (13 bytes)
Event: 2.402 Thread 0x0000000016230800 nmethod 928 0x000000000498dc50 code [0x000000000498ddc0, 0x000000000498dfe8]
Event: 2.403 Thread 0x00000000149c2000 nmethod 927 0x000000000498d810 code [0x000000000498d960, 0x000000000498daa8]
Event: 2.403 Thread 0x00000000149c2000  929       4       com.google.common.collect.TransformedIterator::hasNext (10 bytes)
Event: 2.406 Thread 0x00000000149c2000 nmethod 929 0x000000000498d010 code [0x000000000498d160, 0x000000000498d4b8]

GC Heap History (4 events):
Event: 1.128 GC heap before
{Heap before GC invocations=1 (full 0):
 PSYoungGen      total 18944K, used 16384K [0x00000000feb00000, 0x0000000100000000, 0x0000000100000000)
  eden space 16384K, 100% used [0x00000000feb00000,0x00000000ffb00000,0x00000000ffb00000)
  from space 2560K, 0% used [0x00000000ffd80000,0x00000000ffd80000,0x0000000100000000)
  to   space 2560K, 0% used [0x00000000ffb00000,0x00000000ffb00000,0x00000000ffd80000)
 ParOldGen       total 44032K, used 0K [0x00000000fc000000, 0x00000000feb00000, 0x00000000feb00000)
  object space 44032K, 0% used [0x00000000fc000000,0x00000000fc000000,0x00000000feb00000)
 Metaspace       used 6514K, capacity 6688K, committed 6784K, reserved 1056768K
  class space    used 772K, capacity 824K, committed 896K, reserved 1048576K
Event: 1.134 GC heap after
Heap after GC invocations=1 (full 0):
 PSYoungGen      total 18944K, used 2528K [0x00000000feb00000, 0x0000000100000000, 0x0000000100000000)
  eden space 16384K, 0% used [0x00000000feb00000,0x00000000feb00000,0x00000000ffb00000)
  from space 2560K, 98% used [0x00000000ffb00000,0x00000000ffd78030,0x00000000ffd80000)
  to   space 2560K, 0% used [0x00000000ffd80000,0x00000000ffd80000,0x0000000100000000)
 ParOldGen       total 44032K, used 1692K [0x00000000fc000000, 0x00000000feb00000, 0x00000000feb00000)
  object space 44032K, 3% used [0x00000000fc000000,0x00000000fc1a7380,0x00000000feb00000)
 Metaspace       used 6514K, capacity 6688K, committed 6784K, reserved 1056768K
  class space    used 772K, capacity 824K, committed 896K, reserved 1048576K
}
Event: 2.307 GC heap before
{Heap before GC invocations=2 (full 0):
 PSYoungGen      total 18944K, used 18912K [0x00000000feb00000, 0x0000000100000000, 0x0000000100000000)
  eden space 16384K, 100% used [0x00000000feb00000,0x00000000ffb00000,0x00000000ffb00000)
  from space 2560K, 98% used [0x00000000ffb00000,0x00000000ffd78030,0x00000000ffd80000)
  to   space 2560K, 0% used [0x00000000ffd80000,0x00000000ffd80000,0x0000000100000000)
 ParOldGen       total 44032K, used 1692K [0x00000000fc000000, 0x00000000feb00000, 0x00000000feb00000)
  object space 44032K, 3% used [0x00000000fc000000,0x00000000fc1a7380,0x00000000feb00000)
 Metaspace       used 7692K, capacity 7890K, committed 7936K, reserved 1056768K
  class space    used 902K, capacity 989K, committed 1024K, reserved 1048576K
Event: 2.319 GC heap after
Heap after GC invocations=2 (full 0):
 PSYoungGen      total 18944K, used 2551K [0x00000000feb00000, 0x0000000100000000, 0x0000000100000000)
  eden space 16384K, 0% used [0x00000000feb00000,0x00000000feb00000,0x00000000ffb00000)
  from space 2560K, 99% used [0x00000000ffd80000,0x00000000ffffdda8,0x0000000100000000)
  to   space 2560K, 0% used [0x00000000ffb00000,0x00000000ffb00000,0x00000000ffd80000)
 ParOldGen       total 44032K, used 5738K [0x00000000fc000000, 0x00000000feb00000, 0x00000000feb00000)
  object space 44032K, 13% used [0x00000000fc000000,0x00000000fc59ab68,0x00000000feb00000)
 Metaspace       used 7692K, capacity 7890K, committed 7936K, reserved 1056768K
  class space    used 902K, capacity 989K, committed 1024K, reserved 1048576K
}

Deoptimization events (10 events):
Event: 1.485 Thread 0x00000000043ce000 Uncommon trap: reason=class_check action=maybe_recompile pc=0x0000000004854fec method=com.google.common.collect.TransformedIterator.hasNext()Z @ 4
Event: 1.485 Thread 0x00000000043ce000 Uncommon trap: reason=class_check action=maybe_recompile pc=0x0000000004854fec method=com.google.common.collect.TransformedIterator.hasNext()Z @ 4
Event: 1.485 Thread 0x00000000043ce000 Uncommon trap: reason=class_check action=maybe_recompile pc=0x00000000048b5ce8 method=com.google.common.collect.TransformedIterator.next()Ljava/lang/Object; @ 5
Event: 1.485 Thread 0x00000000043ce000 Uncommon trap: reason=class_check action=maybe_recompile pc=0x0000000004835a90 method=com.google.common.collect.Iterators$7.transform(Ljava/lang/Object;)Ljava/lang/Object; @ 5
Event: 1.485 Thread 0x00000000043ce000 Uncommon trap: reason=class_check action=maybe_recompile pc=0x0000000004854fec method=com.google.common.collect.TransformedIterator.hasNext()Z @ 4
Event: 1.485 Thread 0x00000000043ce000 Uncommon trap: reason=class_check action=maybe_recompile pc=0x00000000048b5ce8 method=com.google.common.collect.TransformedIterator.next()Ljava/lang/Object; @ 5
Event: 1.485 Thread 0x00000000043ce000 Uncommon trap: reason=class_check action=maybe_recompile pc=0x0000000004835a90 method=com.google.common.collect.Iterators$7.transform(Ljava/lang/Object;)Ljava/lang/Object; @ 5
Event: 1.485 Thread 0x00000000043ce000 Uncommon trap: reason=class_check action=maybe_recompile pc=0x00000000048b5ce8 method=com.google.common.collect.TransformedIterator.next()Ljava/lang/Object; @ 5
Event: 1.486 Thread 0x00000000043ce000 Uncommon trap: reason=class_check action=maybe_recompile pc=0x0000000004835a90 method=com.google.common.collect.Iterators$7.transform(Ljava/lang/Object;)Ljava/lang/Object; @ 5
Event: 2.261 Thread 0x00000000043ce000 Uncommon trap: reason=unstable_if action=reinterpret pc=0x000000000491c3c8 method=java.lang.String.<init>([CII)V @ 18

Classes redefined (0 events):
No events

Internal exceptions (10 events):
Event: 1.173 Thread 0x00000000043ce000 Implicit null exception at 0x000000000484458c to 0x0000000004844e89
Event: 1.257 Thread 0x00000000043ce000 Exception <a 'sun/nio/fs/WindowsException'> (0x00000000ff117928) thrown at [D:\src\AOSP-openjdk-cygwin\jdk8u\hotspot\src\share\vm\prims\jni.cpp, line 709]
Event: 1.257 Thread 0x00000000043ce000 Exception <a 'sun/nio/fs/WindowsException'> (0x00000000ff117ef8) thrown at [D:\src\AOSP-openjdk-cygwin\jdk8u\hotspot\src\share\vm\prims\jni.cpp, line 709]
Event: 1.257 Thread 0x00000000043ce000 Exception <a 'sun/nio/fs/WindowsException'> (0x00000000ff1184d0) thrown at [D:\src\AOSP-openjdk-cygwin\jdk8u\hotspot\src\share\vm\prims\jni.cpp, line 709]
Event: 1.257 Thread 0x00000000043ce000 Exception <a 'sun/nio/fs/WindowsException'> (0x00000000ff118ca0) thrown at [D:\src\AOSP-openjdk-cygwin\jdk8u\hotspot\src\share\vm\prims\jni.cpp, line 709]
Event: 1.257 Thread 0x00000000043ce000 Exception <a 'sun/nio/fs/WindowsException'> (0x00000000ff119250) thrown at [D:\src\AOSP-openjdk-cygwin\jdk8u\hotspot\src\share\vm\prims\jni.cpp, line 709]
Event: 1.257 Thread 0x00000000043ce000 Exception <a 'sun/nio/fs/WindowsException'> (0x00000000ff119a00) thrown at [D:\src\AOSP-openjdk-cygwin\jdk8u\hotspot\src\share\vm\prims\jni.cpp, line 709]
Event: 1.270 Thread 0x00000000043ce000 Exception <a 'sun/nio/fs/WindowsException'> (0x00000000ff11edd8) thrown at [D:\src\AOSP-openjdk-cygwin\jdk8u\hotspot\src\share\vm\prims\jni.cpp, line 709]
Event: 1.438 Thread 0x00000000043ce000 Exception <a 'sun/nio/fs/WindowsException'> (0x00000000ff6f9a08) thrown at [D:\src\AOSP-openjdk-cygwin\jdk8u\hotspot\src\share\vm\prims\jni.cpp, line 709]
Event: 1.438 Thread 0x00000000043ce000 Exception <a 'sun/nio/fs/WindowsException'> (0x00000000ff6f9f90) thrown at [D:\src\AOSP-openjdk-cygwin\jdk8u\hotspot\src\share\vm\prims\jni.cpp, line 709]

Events (10 events):
Event: 1.728 loading class org/objectweb/asm/Opcodes done
Event: 1.888 loading class org/objectweb/asm/tree/TryCatchBlockNode
Event: 1.888 loading class org/objectweb/asm/tree/TryCatchBlockNode done
Event: 1.889 loading class org/objectweb/asm/Handler
Event: 1.889 loading class org/objectweb/asm/Handler done
Event: 2.261 Thread 0x00000000043ce000 Uncommon trap: trap_request=0xffffff65 fr.pc=0x000000000491c3c8
Event: 2.261 Thread 0x00000000043ce000 DEOPT PACKING pc=0x000000000491c3c8 sp=0x000000000437e960
Event: 2.261 Thread 0x00000000043ce000 DEOPT UNPACKING pc=0x000000000466556a sp=0x000000000437e880 mode 2
Event: 2.307 Executing VM operation: ParallelGCFailedAllocation
Event: 2.319 Executing VM operation: ParallelGCFailedAllocation done


Dynamic libraries:
0x00007ff61f750000 - 0x00007ff61f781000 	C:\Program Files\Android\Android Studio\jre\bin\java.exe
0x00007ffdc1810000 - 0x00007ffdc19f0000 	C:\WINDOWS\SYSTEM32\ntdll.dll
0x00007ffdc1730000 - 0x00007ffdc17de000 	C:\WINDOWS\System32\KERNEL32.DLL
0x00007ffdbea10000 - 0x00007ffdbec76000 	C:\WINDOWS\System32\KERNELBASE.dll
0x00007ffdc0d80000 - 0x00007ffdc0e21000 	C:\WINDOWS\System32\ADVAPI32.dll
0x00007ffdc1490000 - 0x00007ffdc152d000 	C:\WINDOWS\System32\msvcrt.dll
0x00007ffdc1530000 - 0x00007ffdc158b000 	C:\WINDOWS\System32\sechost.dll
0x00007ffdc03d0000 - 0x00007ffdc04ef000 	C:\WINDOWS\System32\RPCRT4.dll
0x00007ffdc0500000 - 0x00007ffdc068f000 	C:\WINDOWS\System32\USER32.dll
0x00007ffdbe9f0000 - 0x00007ffdbea10000 	C:\WINDOWS\System32\win32u.dll
0x00007ffdc0980000 - 0x00007ffdc09a8000 	C:\WINDOWS\System32\GDI32.dll
0x00007ffdbde30000 - 0x00007ffdbdfc3000 	C:\WINDOWS\System32\gdi32full.dll
0x00007ffdbdc90000 - 0x00007ffdbdd2b000 	C:\WINDOWS\System32\msvcp_win.dll
0x00007ffdbdd30000 - 0x00007ffdbde26000 	C:\WINDOWS\System32\ucrtbase.dll
0x00007ffda5f90000 - 0x00007ffda61f9000 	C:\WINDOWS\WinSxS\amd64_microsoft.windows.common-controls_6595b64144ccf1df_6.0.16299.248_none_15ced204935f55d7\COMCTL32.dll
0x00007ffdc09b0000 - 0x00007ffdc0cb8000 	C:\WINDOWS\System32\combase.dll
0x00007ffdbdc10000 - 0x00007ffdbdc82000 	C:\WINDOWS\System32\bcryptPrimitives.dll
0x00007ffdc03a0000 - 0x00007ffdc03cd000 	C:\WINDOWS\System32\IMM32.DLL
0x0000000066170000 - 0x0000000066242000 	C:\Program Files\Android\Android Studio\jre\jre\bin\msvcr100.dll
0x0000000066250000 - 0x0000000066a8e000 	C:\Program Files\Android\Android Studio\jre\jre\bin\server\jvm.dll
0x00007ffdc04f0000 - 0x00007ffdc04f8000 	C:\WINDOWS\System32\PSAPI.DLL
0x00007ffdaf5b0000 - 0x00007ffdaf5b9000 	C:\WINDOWS\SYSTEM32\WSOCK32.dll
0x00007ffdc0690000 - 0x00007ffdc06fc000 	C:\WINDOWS\System32\WS2_32.dll
0x00007ffdba600000 - 0x00007ffdba623000 	C:\WINDOWS\SYSTEM32\WINMM.dll
0x00007ffdb1080000 - 0x00007ffdb108a000 	C:\WINDOWS\SYSTEM32\VERSION.dll
0x00007ffdba5a0000 - 0x00007ffdba5ca000 	C:\WINDOWS\SYSTEM32\WINMMBASE.dll
0x00007ffdbdfd0000 - 0x00007ffdbe01a000 	C:\WINDOWS\System32\cfgmgr32.dll
0x00007ffdba510000 - 0x00007ffdba51f000 	C:\Program Files\Android\Android Studio\jre\jre\bin\verify.dll
0x00007ffdb9500000 - 0x00007ffdb9529000 	C:\Program Files\Android\Android Studio\jre\jre\bin\java.dll
0x00007ffdb9fc0000 - 0x00007ffdb9fd6000 	C:\Program Files\Android\Android Studio\jre\jre\bin\zip.dll
0x00007ffdbee80000 - 0x00007ffdc02b6000 	C:\WINDOWS\System32\SHELL32.dll
0x00007ffdc0cc0000 - 0x00007ffdc0d66000 	C:\WINDOWS\System32\shcore.dll
0x00007ffdbe2a0000 - 0x00007ffdbe9e7000 	C:\WINDOWS\System32\windows.storage.dll
0x00007ffdc1430000 - 0x00007ffdc1481000 	C:\WINDOWS\System32\shlwapi.dll
0x00007ffdbdbf0000 - 0x00007ffdbdc01000 	C:\WINDOWS\System32\kernel.appcore.dll
0x00007ffdbdb80000 - 0x00007ffdbdbcc000 	C:\WINDOWS\System32\powrprof.dll
0x00007ffdbdb60000 - 0x00007ffdbdb7b000 	C:\WINDOWS\System32\profapi.dll
0x00007ffdbd550000 - 0x00007ffdbd567000 	C:\WINDOWS\SYSTEM32\CRYPTSP.dll
0x00007ffdbcfa0000 - 0x00007ffdbcfd3000 	C:\WINDOWS\system32\rsaenh.dll
0x00007ffdbd650000 - 0x00007ffdbd675000 	C:\WINDOWS\SYSTEM32\bcrypt.dll
0x00007ffdbda60000 - 0x00007ffdbda89000 	C:\WINDOWS\SYSTEM32\USERENV.dll
0x00007ffdbd9b0000 - 0x00007ffdbd9bb000 	C:\WINDOWS\SYSTEM32\CRYPTBASE.dll
0x00007ffdb86b0000 - 0x00007ffdb86ca000 	C:\Program Files\Android\Android Studio\jre\jre\bin\net.dll
0x00007ffdbd390000 - 0x00007ffdbd3f6000 	C:\WINDOWS\system32\mswsock.dll
0x00007ffdbd120000 - 0x00007ffdbd159000 	C:\WINDOWS\SYSTEM32\IPHLPAPI.DLL
0x00007ffdc0d70000 - 0x00007ffdc0d78000 	C:\WINDOWS\System32\NSI.dll
0x00007ffdb6cf0000 - 0x00007ffdb6d06000 	C:\WINDOWS\SYSTEM32\dhcpcsvc6.DLL
0x00007ffdb6ea0000 - 0x00007ffdb6eba000 	C:\WINDOWS\SYSTEM32\dhcpcsvc.DLL
0x00007ffdb8610000 - 0x00007ffdb8621000 	C:\Program Files\Android\Android Studio\jre\jre\bin\nio.dll

VM Arguments:
jvm_args: -Djava.awt.headless=true -Xmx64M -Dfile.encoding=windows-1252 -Duser.country=DE -Duser.language=de -Duser.variant 
java_command: com.google.devtools.build.android.desugar.Desugar @D:\Programming\StreetMovementApp\app\build\intermediates\tmp\desugar_args2263584773433988316
java_class_path (initial): C:\Users\vreee\AppData\Local\Temp\desugar_deploy.jar1528186615136492505
Launcher Type: SUN_STANDARD

Environment Variables:
PATH=C:\ProgramData\Oracle\Java\javapath;C:\Program Files (x86)\Intel\iCLS Client\;C:\Program Files\Intel\iCLS Client\;C:\WINDOWS\system32;C:\WINDOWS;C:\WINDOWS\System32\Wbem;C:\WINDOWS\System32\WindowsPowerShell\v1.0\;C:\Program Files (x86)\Intel\Intel(R) Management Engine Components\DAL;C:\Program Files\Intel\Intel(R) Management Engine Components\DAL;C:\Program Files (x86)\Intel\Intel(R) Management Engine Components\IPT;C:\Program Files\Intel\Intel(R) Management Engine Components\IPT;C:\Program Files\Intel\WiFi\bin\;C:\Program Files\Common Files\Intel\WirelessCommon\;D:\itu\Fall 17\Introductory Programming\Git\cmd;C:\Program Files (x86)\QuickTime\QTSystem\;C:\Program Files (x86)\Brackets\command;C:\Program Files (x86)\Intel\iCLS Client\;C:\Program Files\Intel\iCLS Client\;C:\Windows\system32;C:\Windows;C:\Windows\System32\Wbem;C:\Windows\System32\WindowsPowerShell\v1.0\;C:\Program Files (x86)\Common Files\lenovo\easyplussdk\bin;C:\Program Files (x86)\Intel\Intel(R) Management Engine Components\DAL;C:\Program Files\Intel\Intel(R) Management Engine Components\DAL;C:\Program Files (x86)\Intel\Intel(R) Management Engine Components\IPT;C:\Program Files\Intel\Intel(R) Management Engine Components\IPT;C:\Program Files\Intel\WiFi\bin\;C:\Program Files\Common Files\Intel\WirelessCommon\;C:\Program Files (x86)\QuickTime\QTSystem\;C:\Python27;C:\Users\vreee\AppData\Local\Microsoft\WindowsApps;%USERPROFILE%\AppData\Local\Microsoft\WindowsApps;
USERNAME=vreee
OS=Windows_NT
PROCESSOR_IDENTIFIER=Intel64 Family 6 Model 61 Stepping 4, GenuineIntel



---------------  S Y S T E M  ---------------

OS: Windows 10.0 , 64 bit Build 16299 (10.0.16299.15)

CPU:total 4 (initial active 4) (2 cores per cpu, 2 threads per core) family 6 model 61 stepping 4, cmov, cx8, fxsr, mmx, sse, sse2, sse3, ssse3, sse4.1, sse4.2, popcnt, avx, avx2, aes, clmul, erms, 3dnowpref, lzcnt, ht, tsc, tscinvbit, bmi1, bmi2, adx

Memory: 4k page, physical 8292268k(741540k free), swap 21208360k(5144k free)

vm_info: OpenJDK 64-Bit Server VM (25.152-b01) for windows-amd64 JRE (1.8.0_152-release-915-b01), built by "builder" with MS VC++ 10.0 (VS2010)

time: Mon Feb 19 12:59:05 2018
elapsed time: 2 seconds (0d 0h 0m 2s)

