#
# There is insufficient memory for the Java Runtime Environment to continue.
# Native memory allocation (malloc) failed to allocate 1048576 bytes for AllocateHeap
# Possible reasons:
#   The system is out of physical RAM or swap space
#   In 32 bit mode, the process size limit was hit
# Possible solutions:
#   Reduce memory load on the system
#   Increase physical memory or swap space
#   Check if swap backing store is full
#   Use 64 bit Java on a 64 bit OS
#   Decrease Java heap size (-Xmx/-Xms)
#   Decrease number of Java threads
#   Decrease Java thread stack sizes (-Xss)
#   Set larger code cache with -XX:ReservedCodeCacheSize=
# This output file may be truncated or incomplete.
#
#  Out of Memory Error (memory/allocation.inline.hpp:61), pid=16392, tid=0x0000000000000a30
#
# JRE version:  (8.0_152-b01) (build )
# Java VM: OpenJDK 64-Bit Server VM (25.152-b01 mixed mode windows-amd64 compressed oops)
# Failed to write core dump. Minidumps are not enabled by default on client versions of Windows
#

---------------  T H R E A D  ---------------

Current thread (0x000000000462e000):  JavaThread "Unknown thread" [_thread_in_vm, id=2608, stack(0x0000000004630000,0x0000000004730000)]

Stack: [0x0000000004630000,0x0000000004730000]
[error occurred during error reporting (printing stack bounds), id 0xc0000005]

Native frames: (J=compiled Java code, j=interpreted, Vv=VM code, C=native code)


---------------  P R O C E S S  ---------------

Java Threads: ( => current thread )

Other Threads:

=>0x000000000462e000 (exited) JavaThread "Unknown thread" [_thread_in_vm, id=2608, stack(0x0000000004630000,0x0000000004730000)]

VM state:not at safepoint (normal execution)

VM Mutex/Monitor currently owned by a thread: None

Heap:
 PSYoungGen      total 18944K, used 327K [0x00000000feb00000, 0x0000000100000000, 0x0000000100000000)
  eden space 16384K, 2% used [0x00000000feb00000,0x00000000feb51ec8,0x00000000ffb00000)
  from space 2560K, 0% used [0x00000000ffd80000,0x00000000ffd80000,0x0000000100000000)
  to   space 2560K, 0% used [0x00000000ffb00000,0x00000000ffb00000,0x00000000ffd80000)
 ParOldGen       total 44032K, used 0K [0x00000000fc000000, 0x00000000feb00000, 0x00000000feb00000)
  object space 44032K, 0% used [0x00000000fc000000,0x00000000fc000000,0x00000000feb00000)
 Metaspace       used 772K, capacity 4480K, committed 4480K, reserved 1056768K
  class space    used 73K, capacity 384K, committed 384K, reserved 1048576K

Card table byte_map: [0x0000000004540000,0x0000000004570000] byte_map_base: 0x0000000003d60000

Marking Bits: (ParMarkBitMap*) 0x0000000066a13950
 Begin Bits: [0x00000000140f0000, 0x00000000141f0000)
 End Bits:   [0x00000000141f0000, 0x00000000142f0000)

Polling page: 0x0000000002b60000

CodeCache: size=245760Kb used=328Kb max_used=328Kb free=245431Kb
 bounds [0x0000000004930000, 0x0000000004ba0000, 0x0000000013930000]
 total_blobs=57 nmethods=0 adapters=38
 compilation: enabled

Compilation events (0 events):
No events

GC Heap History (0 events):
No events

Deoptimization events (0 events):
No events

Classes redefined (0 events):
No events

Internal exceptions (0 events):
No events

Events (10 events):
Event: 0.034 loading class java/lang/Short
Event: 0.034 loading class java/lang/Short done
Event: 0.034 loading class java/lang/Integer
Event: 0.034 loading class java/lang/Integer done
Event: 0.034 loading class java/lang/Long
Event: 0.034 loading class java/lang/Long done
Event: 0.035 loading class java/lang/NullPointerException
Event: 0.035 loading class java/lang/NullPointerException done
Event: 0.035 loading class java/lang/ArithmeticException
Event: 0.035 loading class java/lang/ArithmeticException done


Dynamic libraries:
0x00007ff61f750000 - 0x00007ff61f781000 	C:\Program Files\Android\Android Studio\jre\bin\java.exe
0x00007ffdc1810000 - 0x00007ffdc19f0000 	C:\WINDOWS\SYSTEM32\ntdll.dll
0x00007ffdc1730000 - 0x00007ffdc17de000 	C:\WINDOWS\System32\KERNEL32.DLL
0x00007ffdbea10000 - 0x00007ffdbec76000 	C:\WINDOWS\System32\KERNELBASE.dll
0x00007ffdc0d80000 - 0x00007ffdc0e21000 	C:\WINDOWS\System32\ADVAPI32.dll
0x00007ffdc1490000 - 0x00007ffdc152d000 	C:\WINDOWS\System32\msvcrt.dll
0x00007ffdc1530000 - 0x00007ffdc158b000 	C:\WINDOWS\System32\sechost.dll
0x00007ffdc03d0000 - 0x00007ffdc04ef000 	C:\WINDOWS\System32\RPCRT4.dll
0x00007ffdc0500000 - 0x00007ffdc068f000 	C:\WINDOWS\System32\USER32.dll
0x00007ffdbe9f0000 - 0x00007ffdbea10000 	C:\WINDOWS\System32\win32u.dll
0x00007ffdc0980000 - 0x00007ffdc09a8000 	C:\WINDOWS\System32\GDI32.dll
0x00007ffdbde30000 - 0x00007ffdbdfc3000 	C:\WINDOWS\System32\gdi32full.dll
0x00007ffdbdc90000 - 0x00007ffdbdd2b000 	C:\WINDOWS\System32\msvcp_win.dll
0x00007ffdbdd30000 - 0x00007ffdbde26000 	C:\WINDOWS\System32\ucrtbase.dll
0x00007ffda5f90000 - 0x00007ffda61f9000 	C:\WINDOWS\WinSxS\amd64_microsoft.windows.common-controls_6595b64144ccf1df_6.0.16299.248_none_15ced204935f55d7\COMCTL32.dll
0x00007ffdc09b0000 - 0x00007ffdc0cb8000 	C:\WINDOWS\System32\combase.dll
0x00007ffdbdc10000 - 0x00007ffdbdc82000 	C:\WINDOWS\System32\bcryptPrimitives.dll
0x00007ffdc03a0000 - 0x00007ffdc03cd000 	C:\WINDOWS\System32\IMM32.DLL
0x0000000066170000 - 0x0000000066242000 	C:\Program Files\Android\Android Studio\jre\jre\bin\msvcr100.dll
0x0000000066250000 - 0x0000000066a8e000 	C:\Program Files\Android\Android Studio\jre\jre\bin\server\jvm.dll
0x00007ffdc04f0000 - 0x00007ffdc04f8000 	C:\WINDOWS\System32\PSAPI.DLL
0x00007ffdaf5b0000 - 0x00007ffdaf5b9000 	C:\WINDOWS\SYSTEM32\WSOCK32.dll
0x00007ffdc0690000 - 0x00007ffdc06fc000 	C:\WINDOWS\System32\WS2_32.dll
0x00007ffdba600000 - 0x00007ffdba623000 	C:\WINDOWS\SYSTEM32\WINMM.dll
0x00007ffdb1080000 - 0x00007ffdb108a000 	C:\WINDOWS\SYSTEM32\VERSION.dll
0x00007ffdba5a0000 - 0x00007ffdba5ca000 	C:\WINDOWS\SYSTEM32\WINMMBASE.dll
0x00007ffdbdfd0000 - 0x00007ffdbe01a000 	C:\WINDOWS\System32\cfgmgr32.dll
0x00007ffdba510000 - 0x00007ffdba51f000 	C:\Program Files\Android\Android Studio\jre\jre\bin\verify.dll
0x00007ffdb9500000 - 0x00007ffdb9529000 	C:\Program Files\Android\Android Studio\jre\jre\bin\java.dll
0x00007ffdb9fc0000 - 0x00007ffdb9fd6000 	C:\Program Files\Android\Android Studio\jre\jre\bin\zip.dll

VM Arguments:
jvm_args: -Djava.awt.headless=true -Xmx64M -Dfile.encoding=windows-1252 -Duser.country=DE -Duser.language=de -Duser.variant 
java_command: com.google.devtools.build.android.desugar.Desugar @D:\Programming\StreetMovementApp\app\build\intermediates\tmp\desugar_args6402419762091631621
java_class_path (initial): C:\Users\vreee\AppData\Local\Temp\desugar_deploy.jar1528186615136492505
Launcher Type: SUN_STANDARD

Environment Variables:
PATH=C:\ProgramData\Oracle\Java\javapath;C:\Program Files (x86)\Intel\iCLS Client\;C:\Program Files\Intel\iCLS Client\;C:\WINDOWS\system32;C:\WINDOWS;C:\WINDOWS\System32\Wbem;C:\WINDOWS\System32\WindowsPowerShell\v1.0\;C:\Program Files (x86)\Intel\Intel(R) Management Engine Components\DAL;C:\Program Files\Intel\Intel(R) Management Engine Components\DAL;C:\Program Files (x86)\Intel\Intel(R) Management Engine Components\IPT;C:\Program Files\Intel\Intel(R) Management Engine Components\IPT;C:\Program Files\Intel\WiFi\bin\;C:\Program Files\Common Files\Intel\WirelessCommon\;D:\itu\Fall 17\Introductory Programming\Git\cmd;C:\Program Files (x86)\QuickTime\QTSystem\;C:\Program Files (x86)\Brackets\command;C:\Program Files (x86)\Intel\iCLS Client\;C:\Program Files\Intel\iCLS Client\;C:\Windows\system32;C:\Windows;C:\Windows\System32\Wbem;C:\Windows\System32\WindowsPowerShell\v1.0\;C:\Program Files (x86)\Common Files\lenovo\easyplussdk\bin;C:\Program Files (x86)\Intel\Intel(R) Management Engine Components\DAL;C:\Program Files\Intel\Intel(R) Management Engine Components\DAL;C:\Program Files (x86)\Intel\Intel(R) Management Engine Components\IPT;C:\Program Files\Intel\Intel(R) Management Engine Components\IPT;C:\Program Files\Intel\WiFi\bin\;C:\Program Files\Common Files\Intel\WirelessCommon\;C:\Program Files (x86)\QuickTime\QTSystem\;C:\Python27;C:\Users\vreee\AppData\Local\Microsoft\WindowsApps;%USERPROFILE%\AppData\Local\Microsoft\WindowsApps;
USERNAME=vreee
OS=Windows_NT
PROCESSOR_IDENTIFIER=Intel64 Family 6 Model 61 Stepping 4, GenuineIntel



---------------  S Y S T E M  ---------------

OS: Windows 10.0 , 64 bit Build 16299 (10.0.16299.15)

CPU:total 4 (initial active 4) (2 cores per cpu, 2 threads per core) family 6 model 61 stepping 4, cmov, cx8, fxsr, mmx, sse, sse2, sse3, ssse3, sse4.1, sse4.2, popcnt, avx, avx2, aes, clmul, erms, 3dnowpref, lzcnt, ht, tsc, tscinvbit, bmi1, bmi2, adx

Memory: 4k page, physical 8292268k(1010292k free), swap 21208360k(3076k free)

vm_info: OpenJDK 64-Bit Server VM (25.152-b01) for windows-amd64 JRE (1.8.0_152-release-915-b01), built by "builder" with MS VC++ 10.0 (VS2010)

time: Mon Feb 19 13:02:25 2018
elapsed time: 0 seconds (0d 0h 0m 0s)

